<?xml version="1.0" encoding="UTF-8"?>
<testng-results skipped="0" failed="0" total="2" passed="2">
  <reporter-output>
  </reporter-output>
  <suite name="Default suite" duration-ms="96" started-at="2021-01-02T16:09:39Z" finished-at="2021-01-02T16:09:39Z">
    <groups>
    </groups>
    <test name="Default test" duration-ms="96" started-at="2021-01-02T16:09:39Z" finished-at="2021-01-02T16:09:39Z">
      <class name="org.TestNG.pojo.testngAnnotations">
        <test-method status="PASS" signature="beforeclass()[pri:0, instance:org.TestNG.pojo.testngAnnotations@2f7298b]" name="beforeclass" is-config="true" duration-ms="18" started-at="2021-01-02T21:39:39Z" finished-at="2021-01-02T21:39:39Z">
          <reporter-output>
          </reporter-output>
        </test-method> <!-- beforeclass -->
        <test-method status="PASS" signature="test1()[pri:0, instance:org.TestNG.pojo.testngAnnotations@2f7298b]" name="test1" duration-ms="9" started-at="2021-01-02T21:39:39Z" finished-at="2021-01-02T21:39:39Z">
          <reporter-output>
          </reporter-output>
        </test-method> <!-- test1 -->
        <test-method status="PASS" signature="test2()[pri:0, instance:org.TestNG.pojo.testngAnnotations@2f7298b]" name="test2" duration-ms="6" started-at="2021-01-02T21:39:39Z" finished-at="2021-01-02T21:39:39Z">
          <reporter-output>
          </reporter-output>
        </test-method> <!-- test2 -->
        <test-method status="PASS" signature="afterclass()[pri:0, instance:org.TestNG.pojo.testngAnnotations@2f7298b]" name="afterclass" is-config="true" duration-ms="1" started-at="2021-01-02T21:39:39Z" finished-at="2021-01-02T21:39:39Z">
          <reporter-output>
          </reporter-output>
        </test-method> <!-- afterclass -->
      </class> <!-- org.TestNG.pojo.testngAnnotations -->
    </test> <!-- Default test -->
  </suite> <!-- Default suite -->
</testng-results>
